app/build/intermediates/manifest_merge_blame_file/debug/manifest-merger-blame-debug-report.txt
1<?xml version="1.0" encoding="utf-8"?>
2<manifest xmlns:android="http://schemas.android.com/apk/res/android"
3    package="com.example.barkiestoyz"
4    android:versionCode="1"
5    android:versionName="1.0" >
6
7    <uses-sdk
8        android:minSdkVersion="21"
8-->src/main/AndroidManifest.xml
9        android:targetSdkVersion="30" />
9-->src/main/AndroidManifest.xml
10
11    <uses-permission android:name="android.permission.ACCESS_FINE_LOCATION" />
11-->src/main/AndroidManifest.xml:5:5-6:66
11-->src/main/AndroidManifest.xml:6:9-63
12    <uses-permission android:name="android.permission.ACCESS_COARSE_LOCATION" />
12-->src/main/AndroidManifest.xml:7:5-8:68
12-->src/main/AndroidManifest.xml:8:9-65
13    <uses-permission android:name="android.permission.INTERNET" />
13-->src/main/AndroidManifest.xml:9:5-10:54
13-->src/main/AndroidManifest.xml:10:9-51
14    <!-- Include required permissions for Google Maps API to run. -->
15    <uses-permission android:name="android.permission.ACCESS_NETWORK_STATE" />
15-->[com.google.android.gms:play-services-maps:17.0.0] AndroidManifest.xml:23:5-79
15-->[com.google.android.gms:play-services-maps:17.0.0] AndroidManifest.xml:23:22-76
16
17    <uses-feature
17-->[com.google.android.gms:play-services-maps:17.0.0] AndroidManifest.xml:26:5-28:35
18        android:glEsVersion="0x00020000"
18-->[com.google.android.gms:play-services-maps:17.0.0] AndroidManifest.xml:27:9-41
19        android:required="true" />
19-->[com.google.android.gms:play-services-maps:17.0.0] AndroidManifest.xml:28:9-32
20
21    <application
21-->src/main/AndroidManifest.xml:11:5-63:19
22        android:allowBackup="true"
22-->src/main/AndroidManifest.xml:12:9-35
23        android:appComponentFactory="androidx.core.app.CoreComponentFactory"
23-->[androidx.core:core:1.3.1] AndroidManifest.xml:24:18-86
24        android:debuggable="true"
25        android:icon="@mipmap/ic_launcher"
25-->src/main/AndroidManifest.xml:13:9-43
26        android:label="@string/app_name"
26-->src/main/AndroidManifest.xml:14:9-41
27        android:roundIcon="@mipmap/ic_launcher_round"
27-->src/main/AndroidManifest.xml:15:9-54
28        android:supportsRtl="true"
28-->src/main/AndroidManifest.xml:16:9-35
29        android:testOnly="true"
30        android:theme="@style/AppTheme" >
30-->src/main/AndroidManifest.xml:17:9-40
31        <meta-data
31-->src/main/AndroidManifest.xml:18:9-20:55
32            android:name="com.google.android.geo.API_KEY"
32-->src/main/AndroidManifest.xml:19:13-58
33            android:value="@string/google_maps_key" />
33-->src/main/AndroidManifest.xml:20:13-52
34
35        <activity android:name="com.example.barkiestoyz.Front.Main" >
35-->src/main/AndroidManifest.xml:21:9-29:20
35-->src/main/AndroidManifest.xml:22:13-39
36            <intent-filter>
36-->src/main/AndroidManifest.xml:23:13-28:29
37                <action android:name="android.intent.action.MAIN" />
37-->src/main/AndroidManifest.xml:24:17-25:65
37-->src/main/AndroidManifest.xml:25:21-62
38
39                <category android:name="android.intent.category.LAUNCHER" />
39-->src/main/AndroidManifest.xml:26:17-27:71
39-->src/main/AndroidManifest.xml:27:21-68
40            </intent-filter>
41        </activity>
42        <activity
42-->src/main/AndroidManifest.xml:30:9-33:52
43            android:name="com.example.barkiestoyz.Front.AdminSide.Add"
43-->src/main/AndroidManifest.xml:31:13-48
44            android:label="Add"
44-->src/main/AndroidManifest.xml:32:13-32
45            android:screenOrientation="portrait" />
45-->src/main/AndroidManifest.xml:33:13-49
46        <activity
46-->src/main/AndroidManifest.xml:34:9-37:52
47            android:name="com.example.barkiestoyz.Front.AdminSide.Update"
47-->src/main/AndroidManifest.xml:35:13-51
48            android:label="Update"
48-->src/main/AndroidManifest.xml:36:13-35
49            android:screenOrientation="portrait" />
49-->src/main/AndroidManifest.xml:37:13-49
50        <activity
50-->src/main/AndroidManifest.xml:38:9-41:52
51            android:name="com.example.barkiestoyz.Front.AdminSide.Admin"
51-->src/main/AndroidManifest.xml:39:13-50
52            android:label="Admin"
52-->src/main/AndroidManifest.xml:40:13-34
53            android:screenOrientation="portrait" />
53-->src/main/AndroidManifest.xml:41:13-49
54        <activity
54-->src/main/AndroidManifest.xml:42:9-46:52
55            android:name="com.example.barkiestoyz.Front.CustomerSide.Customer"
55-->src/main/AndroidManifest.xml:43:13-56
56            android:label="@string/app_name"
56-->src/main/AndroidManifest.xml:44:13-45
57            android:screenOrientation="portrait"
57-->src/main/AndroidManifest.xml:46:13-49
58            android:theme="@style/AppTheme.NoActionBar" />
58-->src/main/AndroidManifest.xml:45:13-56
59        <activity
59-->src/main/AndroidManifest.xml:47:9-50:52
60            android:name="com.example.barkiestoyz.Front.CustomerSide.Map"
60-->src/main/AndroidManifest.xml:48:13-51
61            android:label="Maps"
61-->src/main/AndroidManifest.xml:49:13-33
62            android:screenOrientation="portrait" />
62-->src/main/AndroidManifest.xml:50:13-49
63        <activity
63-->src/main/AndroidManifest.xml:51:9-54:52
64            android:name="com.example.barkiestoyz.Front.Signup"
64-->src/main/AndroidManifest.xml:52:13-41
65            android:label="Signup"
65-->src/main/AndroidManifest.xml:53:13-35
66            android:screenOrientation="portrait" />
66-->src/main/AndroidManifest.xml:54:13-49
67        <activity
67-->src/main/AndroidManifest.xml:55:9-58:52
68            android:name="com.example.barkiestoyz.Front.CustomerSide.Payment"
68-->src/main/AndroidManifest.xml:56:13-55
69            android:label="Payment"
69-->src/main/AndroidManifest.xml:57:13-36
70            android:screenOrientation="portrait" />
70-->src/main/AndroidManifest.xml:58:13-49
71        <activity
71-->src/main/AndroidManifest.xml:59:9-62:52
72            android:name="com.example.barkiestoyz.Front.CustomerSide.CustomerConfirmation"
72-->src/main/AndroidManifest.xml:60:13-68
73            android:label="Confirmation"
73-->src/main/AndroidManifest.xml:61:13-41
74            android:screenOrientation="portrait" />
74-->src/main/AndroidManifest.xml:62:13-49
75        <!-- Needs to be explicitly declared on P+ -->
76        <uses-library
76-->[com.google.android.gms:play-services-maps:17.0.0] AndroidManifest.xml:33:9-35:40
77            android:name="org.apache.http.legacy"
77-->[com.google.android.gms:play-services-maps:17.0.0] AndroidManifest.xml:34:13-50
78            android:required="false" />
78-->[com.google.android.gms:play-services-maps:17.0.0] AndroidManifest.xml:35:13-37
79
80        <activity
80-->[com.google.android.gms:play-services-base:17.3.0] AndroidManifest.xml:23:9-26:75
81            android:name="com.google.android.gms.common.api.GoogleApiActivity"
81-->[com.google.android.gms:play-services-base:17.3.0] AndroidManifest.xml:24:13-79
82            android:exported="false"
82-->[com.google.android.gms:play-services-base:17.3.0] AndroidManifest.xml:25:13-37
83            android:theme="@android:style/Theme.Translucent.NoTitleBar" />
83-->[com.google.android.gms:play-services-base:17.3.0] AndroidManifest.xml:26:13-72
84
85        <provider
85-->[com.google.firebase:firebase-common:16.0.3] AndroidManifest.xml:10:9-14:39
86            android:name="com.google.firebase.provider.FirebaseInitProvider"
86-->[com.google.firebase:firebase-common:16.0.3] AndroidManifest.xml:11:13-77
87            android:authorities="com.example.barkiestoyz.firebaseinitprovider"
87-->[com.google.firebase:firebase-common:16.0.3] AndroidManifest.xml:12:13-72
88            android:exported="false"
88-->[com.google.firebase:firebase-common:16.0.3] AndroidManifest.xml:13:13-37
89            android:initOrder="100" />
89-->[com.google.firebase:firebase-common:16.0.3] AndroidManifest.xml:14:13-36
90
91        <meta-data
91-->[com.google.android.gms:play-services-basement:17.3.0] AndroidManifest.xml:23:9-25:69
92            android:name="com.google.android.gms.version"
92-->[com.google.android.gms:play-services-basement:17.3.0] AndroidManifest.xml:24:13-58
93            android:value="@integer/google_play_services_version" />
93-->[com.google.android.gms:play-services-basement:17.3.0] AndroidManifest.xml:25:13-66
94    </application>
95
96</manifest>